Started by user [8mha:////4CZdq5/NAKAwtvUT/0xOoyCWlHJI68LZJTIM+7IkQIjOAAAAmx+LCAAAAAAAAP9b85aBtbiIQTGjNKU4P08vOT+vOD8nVc83PyU1x6OyILUoJzMv2y+/JJUBAhiZGBgqihhk0NSjKDWzXb3RdlLBUSYGJk8GtpzUvPSSDB8G5tKinBIGIZ+sxLJE/ZzEvHT94JKizLx0a6BxUmjGOUNodHsLgAyeEgZ+/dLi1CL9sqTEnMrE7Mw8AGO400zEAAAA[0mБалякин В.А.
Running as SYSTEM
Building in workspace C:\Jenkins\workspace\Github icanwin VBalyakin
No credentials specified
 > c:\Program Files\Git\cmd\git.exe rev-parse --is-inside-work-tree # timeout=10
Fetching changes from the remote Git repository
 > c:\Program Files\Git\cmd\git.exe config remote.origin.url https://github.com/vitalliuss/helloci.git # timeout=10
Fetching upstream changes from https://github.com/vitalliuss/helloci.git
 > c:\Program Files\Git\cmd\git.exe --version # timeout=10
 > c:\Program Files\Git\cmd\git.exe fetch --tags --force --progress https://github.com/vitalliuss/helloci.git +refs/heads/*:refs/remotes/origin/*
 > c:\Program Files\Git\cmd\git.exe rev-parse "refs/remotes/origin/master^{commit}" # timeout=10
 > c:\Program Files\Git\cmd\git.exe rev-parse "refs/remotes/origin/origin/master^{commit}" # timeout=10
Checking out Revision 446ae5a4fb9798821be65628da0b587e4e1f04e3 (refs/remotes/origin/master)
 > c:\Program Files\Git\cmd\git.exe config core.sparsecheckout # timeout=10
 > c:\Program Files\Git\cmd\git.exe checkout -f 446ae5a4fb9798821be65628da0b587e4e1f04e3
Commit message: "mention cobertura issue in README"
 > c:\Program Files\Git\cmd\git.exe rev-list --no-walk 446ae5a4fb9798821be65628da0b587e4e1f04e3 # timeout=10
[Github icanwin VBalyakin] $ cmd.exe /C "c:\apache-maven-3.6.1-bin\apache-maven-3.6.1\bin\mvn.cmd -f Java/pom.xml test && exit %%ERRORLEVEL%%"
[INFO] Scanning for projects...
[INFO] 
[INFO] ---------------< com.github.vitalliuss.helloci:hello-ci >---------------
[INFO] Building hello-ci 1.0-SNAPSHOT
[INFO] --------------------------------[ jar ]---------------------------------
Downloading from central: https://repo.maven.apache.org/maven2/junit/junit/4.12/junit-4.12.pom
Progress (1): 2.2/24 kBProgress (1): 5.0/24 kBProgress (1): 7.8/24 kBProgress (1): 11/24 kB Progress (1): 13/24 kBProgress (1): 16/24 kBProgress (1): 19/24 kBProgress (1): 21/24 kBProgress (1): 24 kB                      Downloaded from central: https://repo.maven.apache.org/maven2/junit/junit/4.12/junit-4.12.pom (24 kB at 2.2 kB/s)
Downloading from central: https://repo.maven.apache.org/maven2/junit/junit/4.12/junit-4.12.jar
Progress (1): 2.2/315 kBProgress (1): 5.0/315 kBProgress (1): 7.7/315 kBProgress (1): 10/315 kB Progress (1): 13/315 kBProgress (1): 16/315 kBProgress (1): 19/315 kBProgress (1): 21/315 kBProgress (1): 24/315 kBProgress (1): 27/315 kBProgress (1): 30/315 kBProgress (1): 32/315 kBProgress (1): 36/315 kBProgress (1): 40/315 kBProgress (1): 45/315 kBProgress (1): 49/315 kBProgress (1): 53/315 kBProgress (1): 57/315 kBProgress (1): 61/315 kBProgress (1): 65/315 kBProgress (1): 69/315 kBProgress (1): 73/315 kBProgress (1): 77/315 kBProgress (1): 81/315 kBProgress (1): 85/315 kBProgress (1): 90/315 kBProgress (1): 94/315 kBProgress (1): 98/315 kBProgress (1): 102/315 kBProgress (1): 106/315 kBProgress (1): 110/315 kBProgress (1): 114/315 kBProgress (1): 118/315 kBProgress (1): 122/315 kBProgress (1): 126/315 kBProgress (1): 131/315 kBProgress (1): 135/315 kBProgress (1): 139/315 kBProgress (1): 143/315 kBProgress (1): 147/315 kBProgress (1): 151/315 kBProgress (1): 155/315 kBProgress (1): 159/315 kBProgress (1): 163/315 kBProgress (1): 167/315 kBProgress (1): 171/315 kBProgress (1): 176/315 kBProgress (1): 180/315 kBProgress (1): 184/315 kBProgress (1): 188/315 kBProgress (1): 192/315 kBProgress (1): 196/315 kBProgress (1): 200/315 kBProgress (1): 204/315 kBProgress (1): 208/315 kBProgress (1): 212/315 kBProgress (1): 217/315 kBProgress (1): 221/315 kBProgress (1): 225/315 kBProgress (1): 229/315 kBProgress (1): 233/315 kBProgress (1): 237/315 kBProgress (1): 241/315 kBProgress (1): 245/315 kBProgress (1): 249/315 kBProgress (1): 253/315 kBProgress (1): 258/315 kBProgress (1): 262/315 kBProgress (1): 266/315 kBProgress (1): 270/315 kBProgress (1): 274/315 kBProgress (1): 278/315 kBProgress (1): 282/315 kBProgress (1): 286/315 kBProgress (1): 290/315 kBProgress (1): 294/315 kBProgress (1): 298/315 kBProgress (1): 303/315 kBProgress (1): 307/315 kBProgress (1): 311/315 kBProgress (1): 315/315 kBProgress (1): 315 kB                        Downloaded from central: https://repo.maven.apache.org/maven2/junit/junit/4.12/junit-4.12.jar (315 kB at 5.2 kB/s)
[INFO] 
[8mha:////4A+SHd3KAzTLamhgBxODKjWCZN+bi0Mx+2UF+ImQoZeIAAAAYB+LCAAAAAAAAP9b85aBtbiIQSmjNKU4P0+vJLE4u1gvPjexLDVPzxdEGvvmZ+X75ZekLlOVfvTjc8FPJgaGiiIGKaiG5Py84vycVD1nCA1SyAABjCCFBQCV27OjYAAAAA==[0m[INFO] --- maven-resources-plugin:2.6:resources (default-resources) @ hello-ci ---
[8mha:////4EiHuogKXbZA1C6Lv9qOsCwLs5EoPREjAMdMILV0jQ/DAAAAYx+LCAAAAAAAAP9b85aBtbiIQSWjNKU4P0+vJLE4u1gvPjexLDVPzxdEhicW5WXmpfvll6S2fNly5fzGzauYGBgqihikoFqS8/OK83NS9ZwhNEghAwQwghQWAACwxA+XYgAAAA==[0m[WARNING] Using platform encoding (Cp1251 actually) to copy filtered resources, i.e. build is platform dependent!
[INFO] skip non existing resourceDirectory C:\Jenkins\workspace\Github icanwin VBalyakin\Java\src\main\resources
[INFO] 
[8mha:////4A+SHd3KAzTLamhgBxODKjWCZN+bi0Mx+2UF+ImQoZeIAAAAYB+LCAAAAAAAAP9b85aBtbiIQSmjNKU4P0+vJLE4u1gvPjexLDVPzxdEGvvmZ+X75ZekLlOVfvTjc8FPJgaGiiIGKaiG5Py84vycVD1nCA1SyAABjCCFBQCV27OjYAAAAA==[0m[INFO] --- maven-compiler-plugin:3.1:compile (default-compile) @ hello-ci ---
[INFO] Changes detected - recompiling the module!
[8mha:////4EiHuogKXbZA1C6Lv9qOsCwLs5EoPREjAMdMILV0jQ/DAAAAYx+LCAAAAAAAAP9b85aBtbiIQSWjNKU4P0+vJLE4u1gvPjexLDVPzxdEhicW5WXmpfvll6S2fNly5fzGzauYGBgqihikoFqS8/OK83NS9ZwhNEghAwQwghQWAACwxA+XYgAAAA==[0m[WARNING] File encoding has not been set, using platform encoding Cp1251, i.e. build is platform dependent!
[INFO] Compiling 2 source files to C:\Jenkins\workspace\Github icanwin VBalyakin\Java\target\classes
[INFO] 
[8mha:////4A+SHd3KAzTLamhgBxODKjWCZN+bi0Mx+2UF+ImQoZeIAAAAYB+LCAAAAAAAAP9b85aBtbiIQSmjNKU4P0+vJLE4u1gvPjexLDVPzxdEGvvmZ+X75ZekLlOVfvTjc8FPJgaGiiIGKaiG5Py84vycVD1nCA1SyAABjCCFBQCV27OjYAAAAA==[0m[INFO] --- maven-resources-plugin:2.6:testResources (default-testResources) @ hello-ci ---
[8mha:////4EiHuogKXbZA1C6Lv9qOsCwLs5EoPREjAMdMILV0jQ/DAAAAYx+LCAAAAAAAAP9b85aBtbiIQSWjNKU4P0+vJLE4u1gvPjexLDVPzxdEhicW5WXmpfvll6S2fNly5fzGzauYGBgqihikoFqS8/OK83NS9ZwhNEghAwQwghQWAACwxA+XYgAAAA==[0m[WARNING] Using platform encoding (Cp1251 actually) to copy filtered resources, i.e. build is platform dependent!
[INFO] skip non existing resourceDirectory C:\Jenkins\workspace\Github icanwin VBalyakin\Java\src\test\resources
[INFO] 
[8mha:////4A+SHd3KAzTLamhgBxODKjWCZN+bi0Mx+2UF+ImQoZeIAAAAYB+LCAAAAAAAAP9b85aBtbiIQSmjNKU4P0+vJLE4u1gvPjexLDVPzxdEGvvmZ+X75ZekLlOVfvTjc8FPJgaGiiIGKaiG5Py84vycVD1nCA1SyAABjCCFBQCV27OjYAAAAA==[0m[INFO] --- maven-compiler-plugin:3.1:testCompile (default-testCompile) @ hello-ci ---
[INFO] Changes detected - recompiling the module!
[8mha:////4EiHuogKXbZA1C6Lv9qOsCwLs5EoPREjAMdMILV0jQ/DAAAAYx+LCAAAAAAAAP9b85aBtbiIQSWjNKU4P0+vJLE4u1gvPjexLDVPzxdEhicW5WXmpfvll6S2fNly5fzGzauYGBgqihikoFqS8/OK83NS9ZwhNEghAwQwghQWAACwxA+XYgAAAA==[0m[WARNING] File encoding has not been set, using platform encoding Cp1251, i.e. build is platform dependent!
[INFO] Compiling 1 source file to C:\Jenkins\workspace\Github icanwin VBalyakin\Java\target\test-classes
[INFO] 
[8mha:////4A+SHd3KAzTLamhgBxODKjWCZN+bi0Mx+2UF+ImQoZeIAAAAYB+LCAAAAAAAAP9b85aBtbiIQSmjNKU4P0+vJLE4u1gvPjexLDVPzxdEGvvmZ+X75ZekLlOVfvTjc8FPJgaGiiIGKaiG5Py84vycVD1nCA1SyAABjCCFBQCV27OjYAAAAA==[0m[INFO] --- maven-surefire-plugin:3.0.0-M1:test (default-test) @ hello-ci ---
[INFO] 
[INFO] -------------------------------------------------------
[INFO]  T E S T S
[INFO] -------------------------------------------------------
[INFO] Running com.github.vitalliuss.helloci.AppTest
[8mha:////4OVnHvypNT58sY5LcdG/bWdtCXza515tTYheSIfTMuIyAAAAYB+LCAAAAAAAAP9b85aBtbiIQSmjNKU4P0+vJLE4u1gvPjexLDVPzxdEuhYV5Rf55ZekOlc7RKnPKH7IxMBQUcQgBdWQnJ9XnJ+TqucMoUEKGSCAEaSwAACsNFCqYAAAAA==[0m[ERROR] Tests run: 5, Failures: 1, Errors: 0, Skipped: 1, Time elapsed: 0.307 s <<< FAILURE! - in com.github.vitalliuss.helloci.AppTest
[8mha:////4OVnHvypNT58sY5LcdG/bWdtCXza515tTYheSIfTMuIyAAAAYB+LCAAAAAAAAP9b85aBtbiIQSmjNKU4P0+vJLE4u1gvPjexLDVPzxdEuhYV5Rf55ZekOlc7RKnPKH7IxMBQUcQgBdWQnJ9XnJ+TqucMoUEKGSCAEaSwAACsNFCqYAAAAA==[0m[ERROR] testShouldBeFailed(com.github.vitalliuss.helloci.AppTest)  Time elapsed: 0.056 s  <<< FAILURE!
java.lang.AssertionError
	at com.github.vitalliuss.helloci.AppTest.testShouldBeFailed(AppTest.java:21)

[INFO] 
[INFO] Results:
[INFO] 
[8mha:////4OVnHvypNT58sY5LcdG/bWdtCXza515tTYheSIfTMuIyAAAAYB+LCAAAAAAAAP9b85aBtbiIQSmjNKU4P0+vJLE4u1gvPjexLDVPzxdEuhYV5Rf55ZekOlc7RKnPKH7IxMBQUcQgBdWQnJ9XnJ+TqucMoUEKGSCAEaSwAACsNFCqYAAAAA==[0m[ERROR] Failures: 
[8mha:////4OVnHvypNT58sY5LcdG/bWdtCXza515tTYheSIfTMuIyAAAAYB+LCAAAAAAAAP9b85aBtbiIQSmjNKU4P0+vJLE4u1gvPjexLDVPzxdEuhYV5Rf55ZekOlc7RKnPKH7IxMBQUcQgBdWQnJ9XnJ+TqucMoUEKGSCAEaSwAACsNFCqYAAAAA==[0m[ERROR]   AppTest.testShouldBeFailed:21
[INFO] 
[8mha:////4OVnHvypNT58sY5LcdG/bWdtCXza515tTYheSIfTMuIyAAAAYB+LCAAAAAAAAP9b85aBtbiIQSmjNKU4P0+vJLE4u1gvPjexLDVPzxdEuhYV5Rf55ZekOlc7RKnPKH7IxMBQUcQgBdWQnJ9XnJ+TqucMoUEKGSCAEaSwAACsNFCqYAAAAA==[0m[ERROR] Tests run: 5, Failures: 1, Errors: 0, Skipped: 1
[INFO] 
[INFO] ------------------------------------------------------------------------
[INFO] BUILD FAILURE
[INFO] ------------------------------------------------------------------------
[INFO] Total time:  01:33 min
[INFO] Finished at: 2019-09-06T22:43:41+03:00
[INFO] ------------------------------------------------------------------------
[8mha:////4OVnHvypNT58sY5LcdG/bWdtCXza515tTYheSIfTMuIyAAAAYB+LCAAAAAAAAP9b85aBtbiIQSmjNKU4P0+vJLE4u1gvPjexLDVPzxdEuhYV5Rf55ZekOlc7RKnPKH7IxMBQUcQgBdWQnJ9XnJ+TqucMoUEKGSCAEaSwAACsNFCqYAAAAA==[0m[ERROR] Failed to execute goal org.apache.maven.plugins:maven-surefire-plugin:3.0.0-M1:test (default-test) on project hello-ci: There are test failures.
[8mha:////4OVnHvypNT58sY5LcdG/bWdtCXza515tTYheSIfTMuIyAAAAYB+LCAAAAAAAAP9b85aBtbiIQSmjNKU4P0+vJLE4u1gvPjexLDVPzxdEuhYV5Rf55ZekOlc7RKnPKH7IxMBQUcQgBdWQnJ9XnJ+TqucMoUEKGSCAEaSwAACsNFCqYAAAAA==[0m[ERROR] 
[8mha:////4OVnHvypNT58sY5LcdG/bWdtCXza515tTYheSIfTMuIyAAAAYB+LCAAAAAAAAP9b85aBtbiIQSmjNKU4P0+vJLE4u1gvPjexLDVPzxdEuhYV5Rf55ZekOlc7RKnPKH7IxMBQUcQgBdWQnJ9XnJ+TqucMoUEKGSCAEaSwAACsNFCqYAAAAA==[0m[ERROR] Please refer to C:\Jenkins\workspace\Github icanwin VBalyakin\Java\target\surefire-reports for the individual test results.
[8mha:////4OVnHvypNT58sY5LcdG/bWdtCXza515tTYheSIfTMuIyAAAAYB+LCAAAAAAAAP9b85aBtbiIQSmjNKU4P0+vJLE4u1gvPjexLDVPzxdEuhYV5Rf55ZekOlc7RKnPKH7IxMBQUcQgBdWQnJ9XnJ+TqucMoUEKGSCAEaSwAACsNFCqYAAAAA==[0m[ERROR] Please refer to dump files (if any exist) [date].dump, [date]-jvmRun[N].dump and [date].dumpstream.
[8mha:////4OVnHvypNT58sY5LcdG/bWdtCXza515tTYheSIfTMuIyAAAAYB+LCAAAAAAAAP9b85aBtbiIQSmjNKU4P0+vJLE4u1gvPjexLDVPzxdEuhYV5Rf55ZekOlc7RKnPKH7IxMBQUcQgBdWQnJ9XnJ+TqucMoUEKGSCAEaSwAACsNFCqYAAAAA==[0m[ERROR] -> [Help 1]
[8mha:////4OVnHvypNT58sY5LcdG/bWdtCXza515tTYheSIfTMuIyAAAAYB+LCAAAAAAAAP9b85aBtbiIQSmjNKU4P0+vJLE4u1gvPjexLDVPzxdEuhYV5Rf55ZekOlc7RKnPKH7IxMBQUcQgBdWQnJ9XnJ+TqucMoUEKGSCAEaSwAACsNFCqYAAAAA==[0m[ERROR] 
[8mha:////4OVnHvypNT58sY5LcdG/bWdtCXza515tTYheSIfTMuIyAAAAYB+LCAAAAAAAAP9b85aBtbiIQSmjNKU4P0+vJLE4u1gvPjexLDVPzxdEuhYV5Rf55ZekOlc7RKnPKH7IxMBQUcQgBdWQnJ9XnJ+TqucMoUEKGSCAEaSwAACsNFCqYAAAAA==[0m[ERROR] To see the full stack trace of the errors, re-run Maven with the -e switch.
[8mha:////4OVnHvypNT58sY5LcdG/bWdtCXza515tTYheSIfTMuIyAAAAYB+LCAAAAAAAAP9b85aBtbiIQSmjNKU4P0+vJLE4u1gvPjexLDVPzxdEuhYV5Rf55ZekOlc7RKnPKH7IxMBQUcQgBdWQnJ9XnJ+TqucMoUEKGSCAEaSwAACsNFCqYAAAAA==[0m[ERROR] Re-run Maven using the -X switch to enable full debug logging.
[8mha:////4OVnHvypNT58sY5LcdG/bWdtCXza515tTYheSIfTMuIyAAAAYB+LCAAAAAAAAP9b85aBtbiIQSmjNKU4P0+vJLE4u1gvPjexLDVPzxdEuhYV5Rf55ZekOlc7RKnPKH7IxMBQUcQgBdWQnJ9XnJ+TqucMoUEKGSCAEaSwAACsNFCqYAAAAA==[0m[ERROR] 
[8mha:////4OVnHvypNT58sY5LcdG/bWdtCXza515tTYheSIfTMuIyAAAAYB+LCAAAAAAAAP9b85aBtbiIQSmjNKU4P0+vJLE4u1gvPjexLDVPzxdEuhYV5Rf55ZekOlc7RKnPKH7IxMBQUcQgBdWQnJ9XnJ+TqucMoUEKGSCAEaSwAACsNFCqYAAAAA==[0m[ERROR] For more information about the errors and possible solutions, please read the following articles:
[8mha:////4OVnHvypNT58sY5LcdG/bWdtCXza515tTYheSIfTMuIyAAAAYB+LCAAAAAAAAP9b85aBtbiIQSmjNKU4P0+vJLE4u1gvPjexLDVPzxdEuhYV5Rf55ZekOlc7RKnPKH7IxMBQUcQgBdWQnJ9XnJ+TqucMoUEKGSCAEaSwAACsNFCqYAAAAA==[0m[ERROR] [Help 1] http://cwiki.apache.org/confluence/display/MAVEN/MojoFailureException
Build step 'Invoke top-level Maven targets' marked build as failure
Finished: FAILURE
